[2023-05-15 14:14:38,305][mlprof.utils.dist][INFO] - Using DDP for distributed training
[2023-05-15 14:14:38,350][torch.distributed.distributed_c10d][INFO] - Added key: store_based_barrier_key:1 to store for rank: 8
[2023-05-15 14:14:38,403][torch.distributed.distributed_c10d][INFO] - Added key: store_based_barrier_key:1 to store for rank: 1
[2023-05-15 14:14:38,419][torch.distributed.distributed_c10d][INFO] - Added key: store_based_barrier_key:1 to store for rank: 9
[2023-05-15 14:14:38,422][torch.distributed.distributed_c10d][INFO] - Added key: store_based_barrier_key:1 to store for rank: 10
[2023-05-15 14:14:38,424][torch.distributed.distributed_c10d][INFO] - Added key: store_based_barrier_key:1 to store for rank: 7
[2023-05-15 14:14:38,424][torch.distributed.distributed_c10d][INFO] - Added key: store_based_barrier_key:1 to store for rank: 4
[2023-05-15 14:14:38,426][torch.distributed.distributed_c10d][INFO] - Added key: store_based_barrier_key:1 to store for rank: 6
[2023-05-15 14:14:38,430][torch.distributed.distributed_c10d][INFO] - Added key: store_based_barrier_key:1 to store for rank: 3
[2023-05-15 14:14:38,430][torch.distributed.distributed_c10d][INFO] - Added key: store_based_barrier_key:1 to store for rank: 11
[2023-05-15 14:14:38,432][torch.distributed.distributed_c10d][INFO] - Added key: store_based_barrier_key:1 to store for rank: 2
[2023-05-15 14:14:38,433][torch.distributed.distributed_c10d][INFO] - Added key: store_based_barrier_key:1 to store for rank: 13
[2023-05-15 14:14:38,433][torch.distributed.distributed_c10d][INFO] - Added key: store_based_barrier_key:1 to store for rank: 14
[2023-05-15 14:14:38,433][torch.distributed.distributed_c10d][INFO] - Added key: store_based_barrier_key:1 to store for rank: 12
[2023-05-15 14:14:38,435][torch.distributed.distributed_c10d][INFO] - Added key: store_based_barrier_key:1 to store for rank: 5
[2023-05-15 14:14:38,436][torch.distributed.distributed_c10d][INFO] - Added key: store_based_barrier_key:1 to store for rank: 15
[2023-05-15 14:14:38,444][torch.distributed.distributed_c10d][INFO] - Added key: store_based_barrier_key:1 to store for rank: 0
[2023-05-15 14:14:38,444][torch.distributed.distributed_c10d][INFO] - Rank 2: Completed store-based barrier for key:store_based_barrier_key:1 with 16 nodes.
[2023-05-15 14:14:38,445][torch.distributed.distributed_c10d][INFO] - Rank 0: Completed store-based barrier for key:store_based_barrier_key:1 with 16 nodes.
[2023-05-15 14:14:38,445][torch.distributed.distributed_c10d][INFO] - Rank 1: Completed store-based barrier for key:store_based_barrier_key:1 with 16 nodes.
[2023-05-15 14:14:38,445][torch.distributed.distributed_c10d][INFO] - Rank 13: Completed store-based barrier for key:store_based_barrier_key:1 with 16 nodes.
[2023-05-15 14:14:38,445][torch.distributed.distributed_c10d][INFO] - Rank 14: Completed store-based barrier for key:store_based_barrier_key:1 with 16 nodes.
[2023-05-15 14:14:38,445][torch.distributed.distributed_c10d][INFO] - Rank 12: Completed store-based barrier for key:store_based_barrier_key:1 with 16 nodes.
[2023-05-15 14:14:38,446][torch.distributed.distributed_c10d][INFO] - Rank 7: Completed store-based barrier for key:store_based_barrier_key:1 with 16 nodes.
[2023-05-15 14:14:38,446][torch.distributed.distributed_c10d][INFO] - Rank 4: Completed store-based barrier for key:store_based_barrier_key:1 with 16 nodes.
[2023-05-15 14:14:38,446][torch.distributed.distributed_c10d][INFO] - Rank 5: Completed store-based barrier for key:store_based_barrier_key:1 with 16 nodes.
[2023-05-15 14:14:38,447][torch.distributed.distributed_c10d][INFO] - Rank 6: Completed store-based barrier for key:store_based_barrier_key:1 with 16 nodes.
[2023-05-15 14:14:38,448][torch.distributed.distributed_c10d][INFO] - Rank 15: Completed store-based barrier for key:store_based_barrier_key:1 with 16 nodes.
[2023-05-15 14:14:38,450][torch.distributed.distributed_c10d][INFO] - Rank 3: Completed store-based barrier for key:store_based_barrier_key:1 with 16 nodes.
[2023-05-15 14:14:38,452][torch.distributed.distributed_c10d][INFO] - Rank 9: Completed store-based barrier for key:store_based_barrier_key:1 with 16 nodes.
[2023-05-15 14:14:38,453][torch.distributed.distributed_c10d][INFO] - Rank 10: Completed store-based barrier for key:store_based_barrier_key:1 with 16 nodes.
[2023-05-15 14:14:38,453][torch.distributed.distributed_c10d][INFO] - Rank 11: Completed store-based barrier for key:store_based_barrier_key:1 with 16 nodes.
[2023-05-15 14:14:38,453][torch.distributed.distributed_c10d][INFO] - Rank 8: Completed store-based barrier for key:store_based_barrier_key:1 with 16 nodes.
[2023-05-15 14:14:38,641][mlprof.utils.dist][INFO] - Global Rank: 0 / 15
[2023-05-15 14:14:38,650][mlprof.utils.dist][INFO] - Caught MASTER_PORT:2345 from environment!
[2023-05-15 14:14:38,765][mlprof.utils.dist][INFO] - Global Rank: 6 / 15
[2023-05-15 14:14:38,771][mlprof.utils.dist][INFO] - Global Rank: 14 / 15
[2023-05-15 14:14:38,774][mlprof.utils.dist][INFO] - Global Rank: 13 / 15
[2023-05-15 14:14:38,775][mlprof.utils.dist][INFO] - Global Rank: 12 / 15
[2023-05-15 14:14:38,776][mlprof.utils.dist][INFO] - Global Rank: 1 / 15
[2023-05-15 14:14:38,776][mlprof.utils.dist][INFO] - Global Rank: 15 / 15
[2023-05-15 14:14:38,777][mlprof.utils.dist][INFO] - Global Rank: 4 / 15
[2023-05-15 14:14:38,778][mlprof.utils.dist][INFO] - Global Rank: 5 / 15
[2023-05-15 14:14:38,782][mlprof.utils.dist][INFO] - Global Rank: 7 / 15
[2023-05-15 14:14:38,782][mlprof.utils.dist][INFO] - Global Rank: 2 / 15
[2023-05-15 14:14:38,782][mlprof.utils.dist][INFO] - Caught MASTER_PORT:2345 from environment!
[2023-05-15 14:14:38,782][mlprof.utils.dist][INFO] - Caught MASTER_PORT:2345 from environment!
[2023-05-15 14:14:38,782][mlprof.utils.dist][INFO] - Caught MASTER_PORT:2345 from environment!
[2023-05-15 14:14:38,783][mlprof.utils.dist][INFO] - Global Rank: 3 / 15
[2023-05-15 14:14:38,785][mlprof.utils.dist][INFO] - Caught MASTER_PORT:2345 from environment!
[2023-05-15 14:14:38,785][mlprof.utils.dist][INFO] - Global Rank: 8 / 15
[2023-05-15 14:14:38,785][mlprof.utils.dist][INFO] - Caught MASTER_PORT:2345 from environment!
[2023-05-15 14:14:38,787][mlprof.utils.dist][INFO] - Caught MASTER_PORT:2345 from environment!
[2023-05-15 14:14:38,787][mlprof.utils.dist][INFO] - Caught MASTER_PORT:2345 from environment!
[2023-05-15 14:14:38,787][mlprof.utils.dist][INFO] - Caught MASTER_PORT:2345 from environment!
[2023-05-15 14:14:38,789][mlprof.utils.dist][INFO] - Caught MASTER_PORT:2345 from environment!
[2023-05-15 14:14:38,789][mlprof.utils.dist][INFO] - Caught MASTER_PORT:2345 from environment!
[2023-05-15 14:14:38,792][mlprof.utils.dist][INFO] - Caught MASTER_PORT:2345 from environment!
[2023-05-15 14:14:38,798][mlprof.utils.dist][INFO] - Caught MASTER_PORT:2345 from environment!
[2023-05-15 14:14:38,798][mlprof.utils.dist][INFO] - Global Rank: 9 / 15
[2023-05-15 14:14:38,799][mlprof.utils.dist][INFO] - Global Rank: 11 / 15
[2023-05-15 14:14:38,799][mlprof.utils.dist][INFO] - Global Rank: 10 / 15
[2023-05-15 14:14:38,806][mlprof.utils.dist][INFO] - Caught MASTER_PORT:2345 from environment!
[2023-05-15 14:14:38,806][mlprof.utils.dist][INFO] - Caught MASTER_PORT:2345 from environment!
[2023-05-15 14:14:38,807][mlprof.utils.dist][INFO] - Caught MASTER_PORT:2345 from environment!
[2023-05-15 14:14:44,411][mlprof.trainers.pytorch.trainer][WARNING] - Caught wandb.run from: 0
[2023-05-15 14:14:49,973][mlprof.trainers.pytorch.trainer][INFO] - self.device: cuda, self.dtype: torch.float32
[2023-05-15 14:14:50,363][mlprof.trainers.pytorch.trainer][INFO] - [0] [1/10: 0/3750 (0%)] epoch=1.0000 step=1.0000 dt=0.3544 batch_acc=0.1172 batch_loss=0.0091 acc=0.0080 running_loss=0.0006
[2023-05-15 14:14:50,398][torch.nn.parallel.distributed][INFO] - Reducer buckets have been rebuilt in this iteration.
[2023-05-15 14:14:50,398][torch.nn.parallel.distributed][INFO] - Reducer buckets have been rebuilt in this iteration.
[2023-05-15 14:14:50,398][torch.nn.parallel.distributed][INFO] - Reducer buckets have been rebuilt in this iteration.
[2023-05-15 14:14:50,398][torch.nn.parallel.distributed][INFO] - Reducer buckets have been rebuilt in this iteration.
[2023-05-15 14:14:50,398][torch.nn.parallel.distributed][INFO] - Reducer buckets have been rebuilt in this iteration.
[2023-05-15 14:14:50,398][torch.nn.parallel.distributed][INFO] - Reducer buckets have been rebuilt in this iteration.
[2023-05-15 14:14:50,398][torch.nn.parallel.distributed][INFO] - Reducer buckets have been rebuilt in this iteration.
[2023-05-15 14:14:50,398][torch.nn.parallel.distributed][INFO] - Reducer buckets have been rebuilt in this iteration.
[2023-05-15 14:14:50,398][torch.nn.parallel.distributed][INFO] - Reducer buckets have been rebuilt in this iteration.
[2023-05-15 14:14:50,399][torch.nn.parallel.distributed][INFO] - Reducer buckets have been rebuilt in this iteration.
[2023-05-15 14:14:50,399][torch.nn.parallel.distributed][INFO] - Reducer buckets have been rebuilt in this iteration.
[2023-05-15 14:14:50,399][torch.nn.parallel.distributed][INFO] - Reducer buckets have been rebuilt in this iteration.
[2023-05-15 14:14:50,399][torch.nn.parallel.distributed][INFO] - Reducer buckets have been rebuilt in this iteration.
[2023-05-15 14:14:50,399][torch.nn.parallel.distributed][INFO] - Reducer buckets have been rebuilt in this iteration.
[2023-05-15 14:14:50,400][torch.nn.parallel.distributed][INFO] - Reducer buckets have been rebuilt in this iteration.
[2023-05-15 14:14:50,400][torch.nn.parallel.distributed][INFO] - Reducer buckets have been rebuilt in this iteration.
[2023-05-15 14:14:50,642][mlprof.trainers.pytorch.trainer][INFO] - [0] [1/10: 1280/3750 (33%)] epoch=1.0000 step=6.0000 dt=0.0037 batch_acc=0.6641 batch_loss=0.0042 acc=0.1888 running_loss=0.0027
[2023-05-15 14:14:50,835][mlprof.trainers.pytorch.trainer][INFO] - [0] [1/10: 2560/3750 (67%)] epoch=1.0000 step=11.0000 dt=0.0035 batch_acc=0.7812 batch_loss=0.0026 acc=0.4421 running_loss=0.0038
[2023-05-15 14:14:52,354][mlprof.trainers.pytorch.trainer][INFO] - --------------------
[2023-05-15 14:14:52,354][mlprof.trainers.pytorch.trainer][INFO] - [TEST] Accuracy: 89%
[2023-05-15 14:14:52,354][mlprof.trainers.pytorch.trainer][INFO] - --------------------
[2023-05-15 14:14:52,355][mlprof.trainers.pytorch.trainer][INFO] - --------------------------------------------------------
[2023-05-15 14:14:52,355][mlprof.trainers.pytorch.trainer][INFO] - [TRAIN]  epoch 1 took: 1.1131s  loss=0.00442443  acc=64%
[2023-05-15 14:14:52,355][mlprof.trainers.pytorch.trainer][INFO] - --------------------------------------------------------
[2023-05-15 14:14:52,396][mlprof.trainers.pytorch.trainer][INFO] - [0] [2/10: 0/3750 (0%)] epoch=2.0000 step=16.0000 dt=0.0082 batch_acc=0.8008 batch_loss=0.0029 acc=0.0547 running_loss=0.0002
[2023-05-15 14:14:52,588][mlprof.trainers.pytorch.trainer][INFO] - [0] [2/10: 1280/3750 (33%)] epoch=2.0000 step=21.0000 dt=0.0034 batch_acc=0.8711 batch_loss=0.0016 acc=0.3456 running_loss=0.0008
[2023-05-15 14:14:52,778][mlprof.trainers.pytorch.trainer][INFO] - [0] [2/10: 2560/3750 (67%)] epoch=2.0000 step=26.0000 dt=0.0034 batch_acc=0.8945 batch_loss=0.0014 acc=0.6403 running_loss=0.0014
[2023-05-15 14:14:54,187][mlprof.trainers.pytorch.trainer][INFO] - --------------------
[2023-05-15 14:14:54,188][mlprof.trainers.pytorch.trainer][INFO] - [TEST] Accuracy: 94%
[2023-05-15 14:14:54,188][mlprof.trainers.pytorch.trainer][INFO] - --------------------
[2023-05-15 14:14:54,188][mlprof.trainers.pytorch.trainer][INFO] - --------------------------------------------------------
[2023-05-15 14:14:54,188][mlprof.trainers.pytorch.trainer][INFO] - [TRAIN]  epoch 2 took: 0.5684s  loss=0.00185311  acc=86%
[2023-05-15 14:14:54,188][mlprof.trainers.pytorch.trainer][INFO] - --------------------------------------------------------
[2023-05-15 14:14:54,226][mlprof.trainers.pytorch.trainer][INFO] - [0] [3/10: 0/3750 (0%)] epoch=3.0000 step=31.0000 dt=0.0044 batch_acc=0.9062 batch_loss=0.0014 acc=0.0619 running_loss=0.0001
[2023-05-15 14:14:54,417][mlprof.trainers.pytorch.trainer][INFO] - [0] [3/10: 1280/3750 (33%)] epoch=3.0000 step=36.0000 dt=0.0034 batch_acc=0.8945 batch_loss=0.0013 acc=0.3699 running_loss=0.0005
[2023-05-15 14:14:54,613][mlprof.trainers.pytorch.trainer][INFO] - [0] [3/10: 2560/3750 (67%)] epoch=3.0000 step=41.0000 dt=0.0052 batch_acc=0.8945 batch_loss=0.0011 acc=0.6837 running_loss=0.0009
[2023-05-15 14:14:56,214][mlprof.trainers.pytorch.trainer][INFO] - --------------------
[2023-05-15 14:14:56,214][mlprof.trainers.pytorch.trainer][INFO] - [TEST] Accuracy: 96%
[2023-05-15 14:14:56,214][mlprof.trainers.pytorch.trainer][INFO] - --------------------
[2023-05-15 14:14:56,215][mlprof.trainers.pytorch.trainer][INFO] - --------------------------------------------------------
[2023-05-15 14:14:56,215][mlprof.trainers.pytorch.trainer][INFO] - [TRAIN]  epoch 3 took: 0.5704s  loss=0.00120192  acc=91%
[2023-05-15 14:14:56,215][mlprof.trainers.pytorch.trainer][INFO] - --------------------------------------------------------
[2023-05-15 14:14:56,253][mlprof.trainers.pytorch.trainer][INFO] - [0] [4/10: 0/3750 (0%)] epoch=4.0000 step=46.0000 dt=0.0049 batch_acc=0.9258 batch_loss=0.0009 acc=0.0632 running_loss=0.0001
[2023-05-15 14:14:56,445][mlprof.trainers.pytorch.trainer][INFO] - [0] [4/10: 1280/3750 (33%)] epoch=4.0000 step=51.0000 dt=0.0034 batch_acc=0.9297 batch_loss=0.0010 acc=0.3795 running_loss=0.0004
[2023-05-15 14:14:56,636][mlprof.trainers.pytorch.trainer][INFO] - [0] [4/10: 2560/3750 (67%)] epoch=4.0000 step=56.0000 dt=0.0034 batch_acc=0.9219 batch_loss=0.0009 acc=0.6979 running_loss=0.0007
[2023-05-15 14:14:58,045][mlprof.trainers.pytorch.trainer][INFO] - --------------------
[2023-05-15 14:14:58,046][mlprof.trainers.pytorch.trainer][INFO] - [TEST] Accuracy: 97%
[2023-05-15 14:14:58,046][mlprof.trainers.pytorch.trainer][INFO] - --------------------
[2023-05-15 14:14:58,046][mlprof.trainers.pytorch.trainer][INFO] - --------------------------------------------------------
[2023-05-15 14:14:58,046][mlprof.trainers.pytorch.trainer][INFO] - [TRAIN]  epoch 4 took: 0.5662s  loss=0.00086516  acc=94%
[2023-05-15 14:14:58,046][mlprof.trainers.pytorch.trainer][INFO] - --------------------------------------------------------
[2023-05-15 14:14:58,084][mlprof.trainers.pytorch.trainer][INFO] - [0] [5/10: 0/3750 (0%)] epoch=5.0000 step=61.0000 dt=0.0041 batch_acc=0.9609 batch_loss=0.0006 acc=0.0656 running_loss=0.0000
[2023-05-15 14:14:58,277][mlprof.trainers.pytorch.trainer][INFO] - [0] [5/10: 1280/3750 (33%)] epoch=5.0000 step=66.0000 dt=0.0034 batch_acc=0.9336 batch_loss=0.0008 acc=0.3888 running_loss=0.0003
[2023-05-15 14:14:58,468][mlprof.trainers.pytorch.trainer][INFO] - [0] [5/10: 2560/3750 (67%)] epoch=5.0000 step=71.0000 dt=0.0034 batch_acc=0.9648 batch_loss=0.0005 acc=0.7123 running_loss=0.0005
[2023-05-15 14:14:58,652][mlprof.trainers.pytorch.trainer][INFO] - [0] [6/10: 0/3750 (0%)] epoch=6.0000 step=76.0000 dt=0.0038 batch_acc=0.9609 batch_loss=0.0005 acc=0.0656 running_loss=0.0000
[2023-05-15 14:14:58,843][mlprof.trainers.pytorch.trainer][INFO] - [0] [6/10: 1280/3750 (33%)] epoch=6.0000 step=81.0000 dt=0.0034 batch_acc=0.9414 batch_loss=0.0007 acc=0.3909 running_loss=0.0003
[2023-05-15 14:14:59,035][mlprof.trainers.pytorch.trainer][INFO] - [0] [6/10: 2560/3750 (67%)] epoch=6.0000 step=86.0000 dt=0.0036 batch_acc=0.9648 batch_loss=0.0005 acc=0.7197 running_loss=0.0005
[2023-05-15 14:15:00,463][mlprof.trainers.pytorch.trainer][INFO] - --------------------
[2023-05-15 14:15:00,463][mlprof.trainers.pytorch.trainer][INFO] - [TEST] Accuracy: 98%
[2023-05-15 14:15:00,463][mlprof.trainers.pytorch.trainer][INFO] - --------------------
[2023-05-15 14:15:00,464][mlprof.trainers.pytorch.trainer][INFO] - --------------------------------------------------------
[2023-05-15 14:15:00,464][mlprof.trainers.pytorch.trainer][INFO] - [TRAIN]  epoch 6 took: 0.5659s  loss=0.00058246  acc=96%
[2023-05-15 14:15:00,464][mlprof.trainers.pytorch.trainer][INFO] - --------------------------------------------------------
[2023-05-15 14:15:00,502][mlprof.trainers.pytorch.trainer][INFO] - [0] [7/10: 0/3750 (0%)] epoch=7.0000 step=91.0000 dt=0.0044 batch_acc=0.9648 batch_loss=0.0006 acc=0.0659 running_loss=0.0000
[2023-05-15 14:15:00,694][mlprof.trainers.pytorch.trainer][INFO] - [0] [7/10: 1280/3750 (33%)] epoch=7.0000 step=96.0000 dt=0.0034 batch_acc=0.9570 batch_loss=0.0004 acc=0.3928 running_loss=0.0002
[2023-05-15 14:15:00,885][mlprof.trainers.pytorch.trainer][INFO] - [0] [7/10: 2560/3750 (67%)] epoch=7.0000 step=101.0000 dt=0.0034 batch_acc=0.9727 batch_loss=0.0005 acc=0.7240 running_loss=0.0004
[2023-05-15 14:15:02,300][mlprof.trainers.pytorch.trainer][INFO] - --------------------
[2023-05-15 14:15:02,301][mlprof.trainers.pytorch.trainer][INFO] - [TEST] Accuracy: 98%
[2023-05-15 14:15:02,301][mlprof.trainers.pytorch.trainer][INFO] - --------------------
[2023-05-15 14:15:02,301][mlprof.trainers.pytorch.trainer][INFO] - --------------------------------------------------------
[2023-05-15 14:15:02,301][mlprof.trainers.pytorch.trainer][INFO] - [TRAIN]  epoch 7 took: 0.5677s  loss=0.00050215  acc=96%
[2023-05-15 14:15:02,301][mlprof.trainers.pytorch.trainer][INFO] - --------------------------------------------------------
[2023-05-15 14:15:02,339][mlprof.trainers.pytorch.trainer][INFO] - [0] [8/10: 0/3750 (0%)] epoch=8.0000 step=106.0000 dt=0.0040 batch_acc=0.9688 batch_loss=0.0004 acc=0.0661 running_loss=0.0000
[2023-05-15 14:15:02,534][mlprof.trainers.pytorch.trainer][INFO] - [0] [8/10: 1280/3750 (33%)] epoch=8.0000 step=111.0000 dt=0.0038 batch_acc=0.9648 batch_loss=0.0006 acc=0.3971 running_loss=0.0002
[2023-05-15 14:15:02,728][mlprof.trainers.pytorch.trainer][INFO] - [0] [8/10: 2560/3750 (67%)] epoch=8.0000 step=116.0000 dt=0.0039 batch_acc=0.9805 batch_loss=0.0004 acc=0.7301 running_loss=0.0003
[2023-05-15 14:15:04,137][mlprof.trainers.pytorch.trainer][INFO] - --------------------
[2023-05-15 14:15:04,137][mlprof.trainers.pytorch.trainer][INFO] - [TEST] Accuracy: 98%
[2023-05-15 14:15:04,137][mlprof.trainers.pytorch.trainer][INFO] - --------------------
[2023-05-15 14:15:04,138][mlprof.trainers.pytorch.trainer][INFO] - --------------------------------------------------------
[2023-05-15 14:15:04,138][mlprof.trainers.pytorch.trainer][INFO] - [TRAIN]  epoch 8 took: 0.5723s  loss=0.00043914  acc=97%
[2023-05-15 14:15:04,138][mlprof.trainers.pytorch.trainer][INFO] - --------------------------------------------------------
[2023-05-15 14:15:04,175][mlprof.trainers.pytorch.trainer][INFO] - [0] [9/10: 0/3750 (0%)] epoch=9.0000 step=121.0000 dt=0.0038 batch_acc=0.9844 batch_loss=0.0002 acc=0.0672 running_loss=0.0000
[2023-05-15 14:15:04,367][mlprof.trainers.pytorch.trainer][INFO] - [0] [9/10: 1280/3750 (33%)] epoch=9.0000 step=126.0000 dt=0.0033 batch_acc=0.9727 batch_loss=0.0004 acc=0.3989 running_loss=0.0001
[2023-05-15 14:15:04,556][mlprof.trainers.pytorch.trainer][INFO] - [0] [9/10: 2560/3750 (67%)] epoch=9.0000 step=131.0000 dt=0.0034 batch_acc=0.9727 batch_loss=0.0004 acc=0.7320 running_loss=0.0003
[2023-05-15 14:15:05,969][mlprof.trainers.pytorch.trainer][INFO] - --------------------
[2023-05-15 14:15:05,969][mlprof.trainers.pytorch.trainer][INFO] - [TEST] Accuracy: 98%
[2023-05-15 14:15:05,969][mlprof.trainers.pytorch.trainer][INFO] - --------------------
[2023-05-15 14:15:05,970][mlprof.trainers.pytorch.trainer][INFO] - --------------------------------------------------------
[2023-05-15 14:15:05,970][mlprof.trainers.pytorch.trainer][INFO] - [TRAIN]  epoch 9 took: 0.5638s  loss=0.00040239  acc=97%
[2023-05-15 14:15:05,970][mlprof.trainers.pytorch.trainer][INFO] - --------------------------------------------------------
[2023-05-15 14:15:06,008][mlprof.trainers.pytorch.trainer][INFO] - [0] [10/10: 0/3750 (0%)] epoch=10.0000 step=136.0000 dt=0.0039 batch_acc=0.9648 batch_loss=0.0004 acc=0.0659 running_loss=0.0000
[2023-05-15 14:15:06,199][mlprof.trainers.pytorch.trainer][INFO] - [0] [10/10: 1280/3750 (33%)] epoch=10.0000 step=141.0000 dt=0.0033 batch_acc=0.9805 batch_loss=0.0002 acc=0.3989 running_loss=0.0001
[2023-05-15 14:15:06,389][mlprof.trainers.pytorch.trainer][INFO] - [0] [10/10: 2560/3750 (67%)] epoch=10.0000 step=146.0000 dt=0.0034 batch_acc=0.9648 batch_loss=0.0005 acc=0.7277 running_loss=0.0003
[2023-05-15 14:15:06,535][mlprof.trainers.pytorch.trainer][INFO] - [0] :: Total training time: 16.56176257133484 seconds
[2023-05-15 14:15:06,535][mlprof.trainers.pytorch.trainer][INFO] - [0] :: Average time per epoch in the last 5: 0.566696310043335
